[2021-04-01 15:45:38,730] INFO Starting the log cleaner (kafka.log.LogCleaner)
[2021-04-01 15:45:38,861] INFO [kafka-log-cleaner-thread-0]: Starting (kafka.log.LogCleaner)
[2021-04-01 16:41:09,361] INFO Starting the log cleaner (kafka.log.LogCleaner)
[2021-04-01 16:41:09,549] INFO [kafka-log-cleaner-thread-0]: Starting (kafka.log.LogCleaner)
[2021-04-01 17:50:43,438] INFO Shutting down the log cleaner. (kafka.log.LogCleaner)
[2021-04-01 17:50:43,442] INFO [kafka-log-cleaner-thread-0]: Shutting down (kafka.log.LogCleaner)
[2021-04-01 17:50:43,443] INFO [kafka-log-cleaner-thread-0]: Stopped (kafka.log.LogCleaner)
[2021-04-01 17:50:43,443] INFO [kafka-log-cleaner-thread-0]: Shutdown completed (kafka.log.LogCleaner)
[2021-04-02 09:16:25,892] INFO Starting the log cleaner (kafka.log.LogCleaner)
[2021-04-02 09:16:26,038] INFO [kafka-log-cleaner-thread-0]: Starting (kafka.log.LogCleaner)
[2021-04-02 10:37:25,034] INFO Shutting down the log cleaner. (kafka.log.LogCleaner)
[2021-04-02 10:37:25,052] INFO [kafka-log-cleaner-thread-0]: Shutting down (kafka.log.LogCleaner)
[2021-04-02 10:37:25,058] INFO [kafka-log-cleaner-thread-0]: Stopped (kafka.log.LogCleaner)
[2021-04-02 10:37:25,064] INFO [kafka-log-cleaner-thread-0]: Shutdown completed (kafka.log.LogCleaner)
[2021-04-02 10:38:06,438] INFO Starting the log cleaner (kafka.log.LogCleaner)
[2021-04-02 10:38:06,616] INFO [kafka-log-cleaner-thread-0]: Starting (kafka.log.LogCleaner)
[2021-04-05 09:27:42,605] INFO Starting the log cleaner (kafka.log.LogCleaner)
[2021-04-05 09:27:42,724] INFO [kafka-log-cleaner-thread-0]: Starting (kafka.log.LogCleaner)
[2021-04-06 11:25:08,384] INFO Starting the log cleaner (kafka.log.LogCleaner)
[2021-04-06 11:25:08,519] INFO [kafka-log-cleaner-thread-0]: Starting (kafka.log.LogCleaner)
[2021-04-06 17:59:23,690] INFO Shutting down the log cleaner. (kafka.log.LogCleaner)
[2021-04-06 17:59:23,693] INFO [kafka-log-cleaner-thread-0]: Shutting down (kafka.log.LogCleaner)
[2021-04-06 17:59:23,694] INFO [kafka-log-cleaner-thread-0]: Stopped (kafka.log.LogCleaner)
[2021-04-06 17:59:23,694] INFO [kafka-log-cleaner-thread-0]: Shutdown completed (kafka.log.LogCleaner)
[2021-04-08 09:54:25,432] INFO Starting the log cleaner (kafka.log.LogCleaner)
[2021-04-08 09:54:25,546] INFO [kafka-log-cleaner-thread-0]: Starting (kafka.log.LogCleaner)
[2021-04-09 12:09:17,992] INFO Cleaner 0: Beginning cleaning of log connect-configs-0. (kafka.log.LogCleaner)
[2021-04-09 12:09:17,995] INFO Cleaner 0: Building offset map for connect-configs-0... (kafka.log.LogCleaner)
[2021-04-09 12:09:18,096] INFO Cleaner 0: Building offset map for log connect-configs-0 for 1 segments in offset range [0, 153). (kafka.log.LogCleaner)
[2021-04-09 12:09:18,133] INFO Cleaner 0: Offset map for log connect-configs-0 complete. (kafka.log.LogCleaner)
[2021-04-09 12:09:18,135] INFO Cleaner 0: Cleaning log connect-configs-0 (cleaning prior to Fri Apr 09 11:17:52 KST 2021, discarding tombstones prior to Thu Jan 01 09:00:00 KST 1970)... (kafka.log.LogCleaner)
[2021-04-09 12:09:18,142] INFO Cleaner 0: Cleaning LogSegment(baseOffset=0, size=37281, lastModifiedTime=1617934672953, largestRecordTimestamp=Some(1617934672952)) in log connect-configs-0 into 0 with deletion horizon 0, retaining deletes. (kafka.log.LogCleaner)
[2021-04-09 12:09:18,178] INFO Cleaner 0: Swapping in cleaned segment LogSegment(baseOffset=0, size=7926, lastModifiedTime=1617934672953, largestRecordTimestamp=Some(1617934672952)) for segment(s) List(LogSegment(baseOffset=0, size=37281, lastModifiedTime=1617934672953, largestRecordTimestamp=Some(1617934672952))) in log Log(dir=C:\tmp\kafka-logs\connect-configs-0, topic=connect-configs, partition=0, highWatermark=154, lastStableOffset=154, logStartOffset=0, logEndOffset=154) (kafka.log.LogCleaner)
[2021-04-09 12:09:18,214] INFO Cleaner 0: Beginning cleaning of log connect-configs-0. (kafka.log.LogCleaner)
[2021-04-09 12:09:18,214] INFO Cleaner 0: Building offset map for connect-configs-0... (kafka.log.LogCleaner)
[2021-04-09 12:09:18,272] INFO Cleaner 0: Building offset map for log connect-configs-0 for 1 segments in offset range [0, 153). (kafka.log.LogCleaner)
[2021-04-09 12:09:18,277] INFO Cleaner 0: Offset map for log connect-configs-0 complete. (kafka.log.LogCleaner)
[2021-04-09 12:09:18,277] INFO Cleaner 0: Cleaning log connect-configs-0 (cleaning prior to Fri Apr 09 11:17:52 KST 2021, discarding tombstones prior to Thu Jan 01 09:00:00 KST 1970)... (kafka.log.LogCleaner)
[2021-04-09 12:09:18,330] INFO Cleaner 0: Beginning cleaning of log connect-configs-0. (kafka.log.LogCleaner)
[2021-04-09 12:09:18,330] INFO Cleaner 0: Building offset map for connect-configs-0... (kafka.log.LogCleaner)
[2021-04-09 12:09:18,349] INFO Cleaner 0: Building offset map for log connect-configs-0 for 1 segments in offset range [0, 153). (kafka.log.LogCleaner)
[2021-04-09 12:09:18,351] INFO Cleaner 0: Offset map for log connect-configs-0 complete. (kafka.log.LogCleaner)
[2021-04-09 12:09:18,351] INFO Cleaner 0: Cleaning log connect-configs-0 (cleaning prior to Fri Apr 09 11:17:52 KST 2021, discarding tombstones prior to Thu Jan 01 09:00:00 KST 1970)... (kafka.log.LogCleaner)
[2021-04-09 12:09:18,569] INFO Cleaner 0: Beginning cleaning of log connect-configs-0. (kafka.log.LogCleaner)
[2021-04-09 12:09:18,573] INFO Cleaner 0: Building offset map for connect-configs-0... (kafka.log.LogCleaner)
[2021-04-09 12:43:08,082] INFO Starting the log cleaner (kafka.log.LogCleaner)
[2021-04-09 12:43:08,182] INFO [kafka-log-cleaner-thread-0]: Starting (kafka.log.LogCleaner)
[2021-04-09 12:43:08,238] INFO Cleaner 0: Beginning cleaning of log connect-configs-0. (kafka.log.LogCleaner)
[2021-04-09 12:43:08,239] INFO Cleaner 0: Building offset map for connect-configs-0... (kafka.log.LogCleaner)
[2021-04-09 12:43:08,272] INFO Cleaner 0: Building offset map for log connect-configs-0 for 1 segments in offset range [0, 153). (kafka.log.LogCleaner)
[2021-04-09 12:43:08,319] INFO Cleaner 0: Offset map for log connect-configs-0 complete. (kafka.log.LogCleaner)
[2021-04-09 12:43:08,338] INFO Cleaner 0: Cleaning log connect-configs-0 (cleaning prior to Fri Apr 09 11:17:52 KST 2021, discarding tombstones prior to Thu Jan 01 09:00:00 KST 1970)... (kafka.log.LogCleaner)
[2021-04-09 12:43:08,348] INFO Cleaner 0: Cleaning LogSegment(baseOffset=0, size=37281, lastModifiedTime=1617934672953, largestRecordTimestamp=Some(1617934672952)) in log connect-configs-0 into 0 with deletion horizon 0, retaining deletes. (kafka.log.LogCleaner)
[2021-04-09 12:43:08,389] INFO Cleaner 0: Swapping in cleaned segment LogSegment(baseOffset=0, size=7926, lastModifiedTime=1617934672953, largestRecordTimestamp=Some(1617934672952)) for segment(s) List(LogSegment(baseOffset=0, size=37281, lastModifiedTime=1617934672953, largestRecordTimestamp=Some(1617934672952))) in log Log(dir=C:\tmp\kafka-logs\connect-configs-0, topic=connect-configs, partition=0, highWatermark=0, lastStableOffset=0, logStartOffset=0, logEndOffset=154) (kafka.log.LogCleaner)
[2021-04-09 12:43:08,439] INFO Cleaner 0: Beginning cleaning of log connect-configs-0. (kafka.log.LogCleaner)
[2021-04-09 12:43:08,440] INFO Cleaner 0: Building offset map for connect-configs-0... (kafka.log.LogCleaner)
[2021-04-09 12:43:08,471] INFO Cleaner 0: Building offset map for log connect-configs-0 for 1 segments in offset range [0, 153). (kafka.log.LogCleaner)
[2021-04-09 12:43:08,480] INFO Cleaner 0: Offset map for log connect-configs-0 complete. (kafka.log.LogCleaner)
[2021-04-09 12:43:08,480] INFO Cleaner 0: Cleaning log connect-configs-0 (cleaning prior to Fri Apr 09 11:17:52 KST 2021, discarding tombstones prior to Thu Jan 01 09:00:00 KST 1970)... (kafka.log.LogCleaner)
[2021-04-09 12:43:08,524] INFO Cleaner 0: Beginning cleaning of log connect-configs-0. (kafka.log.LogCleaner)
[2021-04-09 12:43:08,524] INFO Cleaner 0: Building offset map for connect-configs-0... (kafka.log.LogCleaner)
[2021-04-09 12:43:08,542] INFO Cleaner 0: Building offset map for log connect-configs-0 for 1 segments in offset range [0, 153). (kafka.log.LogCleaner)
[2021-04-09 12:43:08,552] INFO Cleaner 0: Offset map for log connect-configs-0 complete. (kafka.log.LogCleaner)
[2021-04-09 12:43:08,553] INFO Cleaner 0: Cleaning log connect-configs-0 (cleaning prior to Fri Apr 09 11:17:52 KST 2021, discarding tombstones prior to Thu Jan 01 09:00:00 KST 1970)... (kafka.log.LogCleaner)
[2021-04-09 12:43:08,600] INFO Cleaner 0: Beginning cleaning of log connect-configs-0. (kafka.log.LogCleaner)
[2021-04-09 12:43:08,600] INFO Cleaner 0: Building offset map for connect-configs-0... (kafka.log.LogCleaner)
[2021-04-09 12:43:08,615] INFO Cleaner 0: Building offset map for log connect-configs-0 for 1 segments in offset range [0, 153). (kafka.log.LogCleaner)
[2021-04-09 12:43:08,620] INFO Cleaner 0: Offset map for log connect-configs-0 complete. (kafka.log.LogCleaner)
[2021-04-09 12:43:08,621] INFO Cleaner 0: Cleaning log connect-configs-0 (cleaning prior to Fri Apr 09 11:17:52 KST 2021, discarding tombstones prior to Thu Jan 01 09:00:00 KST 1970)... (kafka.log.LogCleaner)
[2021-04-09 12:43:08,652] INFO Cleaner 0: Beginning cleaning of log connect-configs-0. (kafka.log.LogCleaner)
[2021-04-09 12:43:08,652] INFO Cleaner 0: Building offset map for connect-configs-0... (kafka.log.LogCleaner)
[2021-04-09 12:43:08,668] INFO Cleaner 0: Building offset map for log connect-configs-0 for 1 segments in offset range [0, 153). (kafka.log.LogCleaner)
[2021-04-09 12:43:08,670] INFO Cleaner 0: Offset map for log connect-configs-0 complete. (kafka.log.LogCleaner)
[2021-04-09 12:43:08,671] INFO Cleaner 0: Cleaning log connect-configs-0 (cleaning prior to Fri Apr 09 11:17:52 KST 2021, discarding tombstones prior to Thu Jan 01 09:00:00 KST 1970)... (kafka.log.LogCleaner)
[2021-04-09 12:43:08,676] INFO Cleaner 0: Cleaning LogSegment(baseOffset=0, size=37281, lastModifiedTime=1617934672953, largestRecordTimestamp=Some(1617934672952)) in log connect-configs-0 into 0 with deletion horizon 0, retaining deletes. (kafka.log.LogCleaner)
[2021-04-09 12:43:08,690] INFO Cleaner 0: Swapping in cleaned segment LogSegment(baseOffset=0, size=7926, lastModifiedTime=1617934672953, largestRecordTimestamp=Some(1617934672952)) for segment(s) List(LogSegment(baseOffset=0, size=37281, lastModifiedTime=1617934672953, largestRecordTimestamp=Some(1617934672952))) in log Log(dir=C:\tmp\kafka-logs\connect-configs-0, topic=connect-configs, partition=0, highWatermark=0, lastStableOffset=0, logStartOffset=0, logEndOffset=154) (kafka.log.LogCleaner)
[2021-04-09 12:43:08,725] INFO Cleaner 0: Beginning cleaning of log connect-configs-0. (kafka.log.LogCleaner)
[2021-04-09 12:43:08,725] INFO Cleaner 0: Building offset map for connect-configs-0... (kafka.log.LogCleaner)
[2021-04-09 12:43:08,743] INFO Cleaner 0: Building offset map for log connect-configs-0 for 1 segments in offset range [0, 153). (kafka.log.LogCleaner)
[2021-04-09 12:43:08,745] INFO Cleaner 0: Offset map for log connect-configs-0 complete. (kafka.log.LogCleaner)
[2021-04-09 12:43:08,745] INFO Cleaner 0: Cleaning log connect-configs-0 (cleaning prior to Fri Apr 09 11:17:52 KST 2021, discarding tombstones prior to Thu Jan 01 09:00:00 KST 1970)... (kafka.log.LogCleaner)
[2021-04-09 12:43:08,765] INFO Cleaner 0: Beginning cleaning of log connect-configs-0. (kafka.log.LogCleaner)
[2021-04-09 12:43:08,765] INFO Cleaner 0: Building offset map for connect-configs-0... (kafka.log.LogCleaner)
[2021-04-09 12:43:08,785] INFO Cleaner 0: Building offset map for log connect-configs-0 for 1 segments in offset range [0, 153). (kafka.log.LogCleaner)
[2021-04-09 12:43:08,787] INFO Cleaner 0: Offset map for log connect-configs-0 complete. (kafka.log.LogCleaner)
[2021-04-09 12:43:08,787] INFO Cleaner 0: Cleaning log connect-configs-0 (cleaning prior to Fri Apr 09 11:17:52 KST 2021, discarding tombstones prior to Thu Jan 01 09:00:00 KST 1970)... (kafka.log.LogCleaner)
[2021-04-09 12:43:08,811] INFO Cleaner 0: Beginning cleaning of log connect-configs-0. (kafka.log.LogCleaner)
[2021-04-09 12:43:08,811] INFO Cleaner 0: Building offset map for connect-configs-0... (kafka.log.LogCleaner)
[2021-04-09 12:43:08,830] INFO Cleaner 0: Building offset map for log connect-configs-0 for 1 segments in offset range [0, 153). (kafka.log.LogCleaner)
[2021-04-09 12:43:08,832] INFO Cleaner 0: Offset map for log connect-configs-0 complete. (kafka.log.LogCleaner)
[2021-04-09 12:43:08,833] INFO Cleaner 0: Cleaning log connect-configs-0 (cleaning prior to Fri Apr 09 11:17:52 KST 2021, discarding tombstones prior to Thu Jan 01 09:00:00 KST 1970)... (kafka.log.LogCleaner)
[2021-04-09 12:43:08,864] INFO Cleaner 0: Beginning cleaning of log connect-configs-0. (kafka.log.LogCleaner)
[2021-04-09 12:43:08,864] INFO Cleaner 0: Building offset map for connect-configs-0... (kafka.log.LogCleaner)
[2021-04-09 12:43:08,880] INFO Cleaner 0: Building offset map for log connect-configs-0 for 1 segments in offset range [0, 153). (kafka.log.LogCleaner)
[2021-04-09 12:43:08,883] INFO Cleaner 0: Offset map for log connect-configs-0 complete. (kafka.log.LogCleaner)
[2021-04-09 12:43:08,884] INFO Cleaner 0: Cleaning log connect-configs-0 (cleaning prior to Fri Apr 09 11:17:52 KST 2021, discarding tombstones prior to Thu Jan 01 09:00:00 KST 1970)... (kafka.log.LogCleaner)
[2021-04-09 12:43:08,907] INFO Cleaner 0: Beginning cleaning of log connect-configs-0. (kafka.log.LogCleaner)
[2021-04-09 12:43:08,908] INFO Cleaner 0: Building offset map for connect-configs-0... (kafka.log.LogCleaner)
[2021-04-09 12:43:08,925] INFO Cleaner 0: Building offset map for log connect-configs-0 for 1 segments in offset range [0, 153). (kafka.log.LogCleaner)
[2021-04-09 12:43:08,926] INFO Cleaner 0: Offset map for log connect-configs-0 complete. (kafka.log.LogCleaner)
[2021-04-09 12:43:08,927] INFO Cleaner 0: Cleaning log connect-configs-0 (cleaning prior to Fri Apr 09 11:17:52 KST 2021, discarding tombstones prior to Thu Jan 01 09:00:00 KST 1970)... (kafka.log.LogCleaner)
[2021-04-09 12:43:08,954] INFO Cleaner 0: Beginning cleaning of log connect-configs-0. (kafka.log.LogCleaner)
[2021-04-09 12:43:08,954] INFO Cleaner 0: Building offset map for connect-configs-0... (kafka.log.LogCleaner)
[2021-04-09 12:43:08,972] INFO Cleaner 0: Building offset map for log connect-configs-0 for 1 segments in offset range [0, 153). (kafka.log.LogCleaner)
[2021-04-09 12:43:08,973] INFO Cleaner 0: Offset map for log connect-configs-0 complete. (kafka.log.LogCleaner)
[2021-04-09 12:43:08,974] INFO Cleaner 0: Cleaning log connect-configs-0 (cleaning prior to Fri Apr 09 11:17:52 KST 2021, discarding tombstones prior to Thu Jan 01 09:00:00 KST 1970)... (kafka.log.LogCleaner)
[2021-04-09 12:43:08,994] INFO Cleaner 0: Beginning cleaning of log connect-configs-0. (kafka.log.LogCleaner)
[2021-04-09 12:43:08,994] INFO Cleaner 0: Building offset map for connect-configs-0... (kafka.log.LogCleaner)
[2021-04-09 12:43:09,016] INFO Cleaner 0: Building offset map for log connect-configs-0 for 1 segments in offset range [0, 153). (kafka.log.LogCleaner)
[2021-04-09 12:43:09,018] INFO Cleaner 0: Offset map for log connect-configs-0 complete. (kafka.log.LogCleaner)
[2021-04-09 12:43:09,019] INFO Cleaner 0: Cleaning log connect-configs-0 (cleaning prior to Fri Apr 09 11:17:52 KST 2021, discarding tombstones prior to Thu Jan 01 09:00:00 KST 1970)... (kafka.log.LogCleaner)
[2021-04-09 12:43:09,059] INFO Cleaner 0: Beginning cleaning of log connect-configs-0. (kafka.log.LogCleaner)
[2021-04-09 12:43:09,059] INFO Cleaner 0: Building offset map for connect-configs-0... (kafka.log.LogCleaner)
[2021-04-09 12:43:09,078] INFO Cleaner 0: Building offset map for log connect-configs-0 for 1 segments in offset range [0, 153). (kafka.log.LogCleaner)
[2021-04-09 12:43:09,080] INFO Cleaner 0: Offset map for log connect-configs-0 complete. (kafka.log.LogCleaner)
[2021-04-09 12:43:09,080] INFO Cleaner 0: Cleaning log connect-configs-0 (cleaning prior to Fri Apr 09 11:17:52 KST 2021, discarding tombstones prior to Thu Jan 01 09:00:00 KST 1970)... (kafka.log.LogCleaner)
[2021-04-09 12:43:09,104] INFO Cleaner 0: Beginning cleaning of log connect-configs-0. (kafka.log.LogCleaner)
[2021-04-09 12:43:09,104] INFO Cleaner 0: Building offset map for connect-configs-0... (kafka.log.LogCleaner)
[2021-04-09 12:43:09,121] INFO Cleaner 0: Building offset map for log connect-configs-0 for 1 segments in offset range [0, 153). (kafka.log.LogCleaner)
[2021-04-09 12:43:09,123] INFO Cleaner 0: Offset map for log connect-configs-0 complete. (kafka.log.LogCleaner)
[2021-04-09 12:43:09,124] INFO Cleaner 0: Cleaning log connect-configs-0 (cleaning prior to Fri Apr 09 11:17:52 KST 2021, discarding tombstones prior to Thu Jan 01 09:00:00 KST 1970)... (kafka.log.LogCleaner)
[2021-04-09 12:43:09,150] INFO Cleaner 0: Beginning cleaning of log connect-configs-0. (kafka.log.LogCleaner)
[2021-04-09 12:43:09,150] INFO Cleaner 0: Building offset map for connect-configs-0... (kafka.log.LogCleaner)
[2021-04-09 12:43:09,172] INFO Cleaner 0: Building offset map for log connect-configs-0 for 1 segments in offset range [0, 153). (kafka.log.LogCleaner)
[2021-04-09 12:43:09,174] INFO Cleaner 0: Offset map for log connect-configs-0 complete. (kafka.log.LogCleaner)
[2021-04-09 12:43:09,174] INFO Cleaner 0: Cleaning log connect-configs-0 (cleaning prior to Fri Apr 09 11:17:52 KST 2021, discarding tombstones prior to Thu Jan 01 09:00:00 KST 1970)... (kafka.log.LogCleaner)
[2021-04-09 12:43:09,205] INFO Cleaner 0: Beginning cleaning of log connect-configs-0. (kafka.log.LogCleaner)
[2021-04-09 12:43:09,205] INFO Cleaner 0: Building offset map for connect-configs-0... (kafka.log.LogCleaner)
[2021-04-09 12:43:09,221] INFO Cleaner 0: Building offset map for log connect-configs-0 for 1 segments in offset range [0, 153). (kafka.log.LogCleaner)
[2021-04-09 12:43:09,222] INFO Cleaner 0: Offset map for log connect-configs-0 complete. (kafka.log.LogCleaner)
[2021-04-09 12:43:09,222] INFO Cleaner 0: Cleaning log connect-configs-0 (cleaning prior to Fri Apr 09 11:17:52 KST 2021, discarding tombstones prior to Thu Jan 01 09:00:00 KST 1970)... (kafka.log.LogCleaner)
[2021-04-09 12:43:09,251] INFO Cleaner 0: Beginning cleaning of log connect-configs-0. (kafka.log.LogCleaner)
[2021-04-09 12:43:09,251] INFO Cleaner 0: Building offset map for connect-configs-0... (kafka.log.LogCleaner)
[2021-04-09 12:43:09,269] INFO Cleaner 0: Building offset map for log connect-configs-0 for 1 segments in offset range [0, 153). (kafka.log.LogCleaner)
[2021-04-09 12:43:09,270] INFO Cleaner 0: Offset map for log connect-configs-0 complete. (kafka.log.LogCleaner)
[2021-04-09 12:43:09,270] INFO Cleaner 0: Cleaning log connect-configs-0 (cleaning prior to Fri Apr 09 11:17:52 KST 2021, discarding tombstones prior to Thu Jan 01 09:00:00 KST 1970)... (kafka.log.LogCleaner)
[2021-04-09 12:43:09,356] INFO Cleaner 0: Beginning cleaning of log connect-configs-0. (kafka.log.LogCleaner)
[2021-04-09 12:43:09,356] INFO Cleaner 0: Building offset map for connect-configs-0... (kafka.log.LogCleaner)
[2021-04-09 12:43:09,376] INFO Cleaner 0: Building offset map for log connect-configs-0 for 1 segments in offset range [0, 153). (kafka.log.LogCleaner)
[2021-04-09 12:43:09,378] INFO Cleaner 0: Offset map for log connect-configs-0 complete. (kafka.log.LogCleaner)
[2021-04-09 12:43:09,378] INFO Cleaner 0: Cleaning log connect-configs-0 (cleaning prior to Fri Apr 09 11:17:52 KST 2021, discarding tombstones prior to Thu Jan 01 09:00:00 KST 1970)... (kafka.log.LogCleaner)
[2021-04-09 12:44:40,795] INFO Starting the log cleaner (kafka.log.LogCleaner)
[2021-04-09 12:44:40,896] INFO [kafka-log-cleaner-thread-0]: Starting (kafka.log.LogCleaner)
[2021-04-09 12:44:40,946] INFO Cleaner 0: Beginning cleaning of log connect-configs-0. (kafka.log.LogCleaner)
[2021-04-09 12:44:40,947] INFO Cleaner 0: Building offset map for connect-configs-0... (kafka.log.LogCleaner)
[2021-04-09 12:44:40,989] INFO Cleaner 0: Building offset map for log connect-configs-0 for 1 segments in offset range [0, 153). (kafka.log.LogCleaner)
[2021-04-09 12:44:41,038] INFO Cleaner 0: Offset map for log connect-configs-0 complete. (kafka.log.LogCleaner)
[2021-04-09 12:44:41,050] INFO Cleaner 0: Cleaning log connect-configs-0 (cleaning prior to Fri Apr 09 11:17:52 KST 2021, discarding tombstones prior to Thu Jan 01 09:00:00 KST 1970)... (kafka.log.LogCleaner)
[2021-04-09 12:44:41,058] INFO Cleaner 0: Cleaning LogSegment(baseOffset=0, size=37281, lastModifiedTime=1617934672953, largestRecordTimestamp=Some(1617934672952)) in log connect-configs-0 into 0 with deletion horizon 0, retaining deletes. (kafka.log.LogCleaner)
[2021-04-09 12:44:41,109] INFO Cleaner 0: Swapping in cleaned segment LogSegment(baseOffset=0, size=7926, lastModifiedTime=1617934672953, largestRecordTimestamp=Some(1617934672952)) for segment(s) List(LogSegment(baseOffset=0, size=37281, lastModifiedTime=1617934672953, largestRecordTimestamp=Some(1617934672952))) in log Log(dir=C:\tmp\kafka-logs\connect-configs-0, topic=connect-configs, partition=0, highWatermark=0, lastStableOffset=0, logStartOffset=0, logEndOffset=154) (kafka.log.LogCleaner)
[2021-04-09 12:44:41,158] INFO Cleaner 0: Beginning cleaning of log connect-configs-0. (kafka.log.LogCleaner)
[2021-04-09 12:44:41,159] INFO Cleaner 0: Building offset map for connect-configs-0... (kafka.log.LogCleaner)
[2021-04-09 12:44:41,175] INFO Cleaner 0: Building offset map for log connect-configs-0 for 1 segments in offset range [0, 153). (kafka.log.LogCleaner)
[2021-04-09 12:44:41,184] INFO Cleaner 0: Offset map for log connect-configs-0 complete. (kafka.log.LogCleaner)
[2021-04-09 12:44:41,184] INFO Cleaner 0: Cleaning log connect-configs-0 (cleaning prior to Fri Apr 09 11:17:52 KST 2021, discarding tombstones prior to Thu Jan 01 09:00:00 KST 1970)... (kafka.log.LogCleaner)
[2021-04-09 12:44:41,202] INFO Cleaner 0: Beginning cleaning of log connect-configs-0. (kafka.log.LogCleaner)
[2021-04-09 12:44:41,203] INFO Cleaner 0: Building offset map for connect-configs-0... (kafka.log.LogCleaner)
[2021-04-09 12:44:41,229] INFO Cleaner 0: Building offset map for log connect-configs-0 for 1 segments in offset range [0, 153). (kafka.log.LogCleaner)
[2021-04-09 12:44:41,237] INFO Cleaner 0: Offset map for log connect-configs-0 complete. (kafka.log.LogCleaner)
[2021-04-09 12:44:41,238] INFO Cleaner 0: Cleaning log connect-configs-0 (cleaning prior to Fri Apr 09 11:17:52 KST 2021, discarding tombstones prior to Thu Jan 01 09:00:00 KST 1970)... (kafka.log.LogCleaner)
[2021-04-09 12:44:41,261] INFO Cleaner 0: Beginning cleaning of log connect-configs-0. (kafka.log.LogCleaner)
[2021-04-09 12:44:41,261] INFO Cleaner 0: Building offset map for connect-configs-0... (kafka.log.LogCleaner)
[2021-04-09 12:44:41,276] INFO Cleaner 0: Building offset map for log connect-configs-0 for 1 segments in offset range [0, 153). (kafka.log.LogCleaner)
[2021-04-09 12:44:41,281] INFO Cleaner 0: Offset map for log connect-configs-0 complete. (kafka.log.LogCleaner)
[2021-04-09 12:44:41,281] INFO Cleaner 0: Cleaning log connect-configs-0 (cleaning prior to Fri Apr 09 11:17:52 KST 2021, discarding tombstones prior to Thu Jan 01 09:00:00 KST 1970)... (kafka.log.LogCleaner)
[2021-04-09 12:44:41,306] INFO Cleaner 0: Beginning cleaning of log connect-configs-0. (kafka.log.LogCleaner)
[2021-04-09 12:44:41,306] INFO Cleaner 0: Building offset map for connect-configs-0... (kafka.log.LogCleaner)
[2021-04-09 12:44:41,322] INFO Cleaner 0: Building offset map for log connect-configs-0 for 1 segments in offset range [0, 153). (kafka.log.LogCleaner)
[2021-04-09 12:44:41,325] INFO Cleaner 0: Offset map for log connect-configs-0 complete. (kafka.log.LogCleaner)
[2021-04-09 12:44:41,326] INFO Cleaner 0: Cleaning log connect-configs-0 (cleaning prior to Fri Apr 09 11:17:52 KST 2021, discarding tombstones prior to Thu Jan 01 09:00:00 KST 1970)... (kafka.log.LogCleaner)
[2021-04-09 12:44:41,348] INFO Cleaner 0: Beginning cleaning of log connect-configs-0. (kafka.log.LogCleaner)
[2021-04-09 12:44:41,348] INFO Cleaner 0: Building offset map for connect-configs-0... (kafka.log.LogCleaner)
[2021-04-09 12:44:41,363] INFO Cleaner 0: Building offset map for log connect-configs-0 for 1 segments in offset range [0, 153). (kafka.log.LogCleaner)
[2021-04-09 12:44:41,365] INFO Cleaner 0: Offset map for log connect-configs-0 complete. (kafka.log.LogCleaner)
[2021-04-09 12:44:41,365] INFO Cleaner 0: Cleaning log connect-configs-0 (cleaning prior to Fri Apr 09 11:17:52 KST 2021, discarding tombstones prior to Thu Jan 01 09:00:00 KST 1970)... (kafka.log.LogCleaner)
[2021-04-09 12:44:41,368] INFO Cleaner 0: Cleaning LogSegment(baseOffset=0, size=37281, lastModifiedTime=1617934672953, largestRecordTimestamp=Some(1617934672952)) in log connect-configs-0 into 0 with deletion horizon 0, retaining deletes. (kafka.log.LogCleaner)
[2021-04-09 12:44:41,386] INFO Cleaner 0: Swapping in cleaned segment LogSegment(baseOffset=0, size=7926, lastModifiedTime=1617934672953, largestRecordTimestamp=Some(1617934672952)) for segment(s) List(LogSegment(baseOffset=0, size=37281, lastModifiedTime=1617934672953, largestRecordTimestamp=Some(1617934672952))) in log Log(dir=C:\tmp\kafka-logs\connect-configs-0, topic=connect-configs, partition=0, highWatermark=0, lastStableOffset=0, logStartOffset=0, logEndOffset=154) (kafka.log.LogCleaner)
[2021-04-09 12:44:41,411] INFO Cleaner 0: Beginning cleaning of log connect-configs-0. (kafka.log.LogCleaner)
[2021-04-09 12:44:41,412] INFO Cleaner 0: Building offset map for connect-configs-0... (kafka.log.LogCleaner)
[2021-04-09 12:44:41,429] INFO Cleaner 0: Building offset map for log connect-configs-0 for 1 segments in offset range [0, 153). (kafka.log.LogCleaner)
[2021-04-09 12:44:41,430] INFO Cleaner 0: Offset map for log connect-configs-0 complete. (kafka.log.LogCleaner)
[2021-04-09 12:44:41,431] INFO Cleaner 0: Cleaning log connect-configs-0 (cleaning prior to Fri Apr 09 11:17:52 KST 2021, discarding tombstones prior to Thu Jan 01 09:00:00 KST 1970)... (kafka.log.LogCleaner)
[2021-04-09 12:44:41,455] INFO Cleaner 0: Beginning cleaning of log connect-configs-0. (kafka.log.LogCleaner)
[2021-04-09 12:44:41,456] INFO Cleaner 0: Building offset map for connect-configs-0... (kafka.log.LogCleaner)
[2021-04-09 12:44:41,474] INFO Cleaner 0: Building offset map for log connect-configs-0 for 1 segments in offset range [0, 153). (kafka.log.LogCleaner)
[2021-04-09 12:44:41,476] INFO Cleaner 0: Offset map for log connect-configs-0 complete. (kafka.log.LogCleaner)
[2021-04-09 12:44:41,477] INFO Cleaner 0: Cleaning log connect-configs-0 (cleaning prior to Fri Apr 09 11:17:52 KST 2021, discarding tombstones prior to Thu Jan 01 09:00:00 KST 1970)... (kafka.log.LogCleaner)
[2021-04-09 12:44:41,508] INFO Cleaner 0: Beginning cleaning of log connect-configs-0. (kafka.log.LogCleaner)
[2021-04-09 12:44:41,508] INFO Cleaner 0: Building offset map for connect-configs-0... (kafka.log.LogCleaner)
[2021-04-09 12:44:41,524] INFO Cleaner 0: Building offset map for log connect-configs-0 for 1 segments in offset range [0, 153). (kafka.log.LogCleaner)
[2021-04-09 12:44:41,525] INFO Cleaner 0: Offset map for log connect-configs-0 complete. (kafka.log.LogCleaner)
[2021-04-09 12:44:41,526] INFO Cleaner 0: Cleaning log connect-configs-0 (cleaning prior to Fri Apr 09 11:17:52 KST 2021, discarding tombstones prior to Thu Jan 01 09:00:00 KST 1970)... (kafka.log.LogCleaner)
[2021-04-09 12:44:41,542] INFO Cleaner 0: Beginning cleaning of log connect-configs-0. (kafka.log.LogCleaner)
[2021-04-09 12:44:41,542] INFO Cleaner 0: Building offset map for connect-configs-0... (kafka.log.LogCleaner)
[2021-04-09 12:44:41,559] INFO Cleaner 0: Building offset map for log connect-configs-0 for 1 segments in offset range [0, 153). (kafka.log.LogCleaner)
[2021-04-09 12:44:41,560] INFO Cleaner 0: Offset map for log connect-configs-0 complete. (kafka.log.LogCleaner)
[2021-04-09 12:44:41,561] INFO Cleaner 0: Cleaning log connect-configs-0 (cleaning prior to Fri Apr 09 11:17:52 KST 2021, discarding tombstones prior to Thu Jan 01 09:00:00 KST 1970)... (kafka.log.LogCleaner)
[2021-04-09 12:44:41,583] INFO Cleaner 0: Beginning cleaning of log connect-configs-0. (kafka.log.LogCleaner)
[2021-04-09 12:44:41,584] INFO Cleaner 0: Building offset map for connect-configs-0... (kafka.log.LogCleaner)
[2021-04-09 12:44:41,601] INFO Cleaner 0: Building offset map for log connect-configs-0 for 1 segments in offset range [0, 153). (kafka.log.LogCleaner)
[2021-04-09 12:44:41,603] INFO Cleaner 0: Offset map for log connect-configs-0 complete. (kafka.log.LogCleaner)
[2021-04-09 12:44:41,603] INFO Cleaner 0: Cleaning log connect-configs-0 (cleaning prior to Fri Apr 09 11:17:52 KST 2021, discarding tombstones prior to Thu Jan 01 09:00:00 KST 1970)... (kafka.log.LogCleaner)
[2021-04-09 12:44:41,627] INFO Cleaner 0: Beginning cleaning of log connect-configs-0. (kafka.log.LogCleaner)
[2021-04-09 12:44:41,627] INFO Cleaner 0: Building offset map for connect-configs-0... (kafka.log.LogCleaner)
[2021-04-09 12:44:41,647] INFO Cleaner 0: Building offset map for log connect-configs-0 for 1 segments in offset range [0, 153). (kafka.log.LogCleaner)
[2021-04-09 12:44:41,648] INFO Cleaner 0: Offset map for log connect-configs-0 complete. (kafka.log.LogCleaner)
[2021-04-09 12:44:41,649] INFO Cleaner 0: Cleaning log connect-configs-0 (cleaning prior to Fri Apr 09 11:17:52 KST 2021, discarding tombstones prior to Thu Jan 01 09:00:00 KST 1970)... (kafka.log.LogCleaner)
[2021-04-09 12:44:41,684] INFO Cleaner 0: Beginning cleaning of log connect-configs-0. (kafka.log.LogCleaner)
[2021-04-09 12:44:41,684] INFO Cleaner 0: Building offset map for connect-configs-0... (kafka.log.LogCleaner)
[2021-04-09 12:44:41,703] INFO Cleaner 0: Building offset map for log connect-configs-0 for 1 segments in offset range [0, 153). (kafka.log.LogCleaner)
[2021-04-09 12:44:41,704] INFO Cleaner 0: Offset map for log connect-configs-0 complete. (kafka.log.LogCleaner)
[2021-04-09 12:44:41,704] INFO Cleaner 0: Cleaning log connect-configs-0 (cleaning prior to Fri Apr 09 11:17:52 KST 2021, discarding tombstones prior to Thu Jan 01 09:00:00 KST 1970)... (kafka.log.LogCleaner)
[2021-04-09 12:44:41,735] INFO Cleaner 0: Beginning cleaning of log connect-configs-0. (kafka.log.LogCleaner)
[2021-04-09 12:44:41,735] INFO Cleaner 0: Building offset map for connect-configs-0... (kafka.log.LogCleaner)
[2021-04-09 12:44:41,757] INFO Cleaner 0: Building offset map for log connect-configs-0 for 1 segments in offset range [0, 153). (kafka.log.LogCleaner)
[2021-04-09 12:44:41,761] INFO Cleaner 0: Offset map for log connect-configs-0 complete. (kafka.log.LogCleaner)
[2021-04-09 12:44:41,761] INFO Cleaner 0: Cleaning log connect-configs-0 (cleaning prior to Fri Apr 09 11:17:52 KST 2021, discarding tombstones prior to Thu Jan 01 09:00:00 KST 1970)... (kafka.log.LogCleaner)
[2021-04-09 12:44:41,785] INFO Cleaner 0: Beginning cleaning of log connect-configs-0. (kafka.log.LogCleaner)
[2021-04-09 12:44:41,785] INFO Cleaner 0: Building offset map for connect-configs-0... (kafka.log.LogCleaner)
[2021-04-09 12:44:41,803] INFO Cleaner 0: Building offset map for log connect-configs-0 for 1 segments in offset range [0, 153). (kafka.log.LogCleaner)
[2021-04-09 12:44:41,804] INFO Cleaner 0: Offset map for log connect-configs-0 complete. (kafka.log.LogCleaner)
[2021-04-09 12:44:41,805] INFO Cleaner 0: Cleaning log connect-configs-0 (cleaning prior to Fri Apr 09 11:17:52 KST 2021, discarding tombstones prior to Thu Jan 01 09:00:00 KST 1970)... (kafka.log.LogCleaner)
[2021-04-09 12:44:41,867] INFO Cleaner 0: Beginning cleaning of log connect-configs-0. (kafka.log.LogCleaner)
[2021-04-09 12:44:41,867] INFO Cleaner 0: Building offset map for connect-configs-0... (kafka.log.LogCleaner)
[2021-04-09 12:44:41,886] INFO Cleaner 0: Building offset map for log connect-configs-0 for 1 segments in offset range [0, 153). (kafka.log.LogCleaner)
[2021-04-09 12:44:41,887] INFO Cleaner 0: Offset map for log connect-configs-0 complete. (kafka.log.LogCleaner)
[2021-04-09 12:44:41,888] INFO Cleaner 0: Cleaning log connect-configs-0 (cleaning prior to Fri Apr 09 11:17:52 KST 2021, discarding tombstones prior to Thu Jan 01 09:00:00 KST 1970)... (kafka.log.LogCleaner)
[2021-04-09 12:44:41,938] INFO Cleaner 0: Beginning cleaning of log connect-configs-0. (kafka.log.LogCleaner)
[2021-04-09 12:44:41,938] INFO Cleaner 0: Building offset map for connect-configs-0... (kafka.log.LogCleaner)
[2021-04-09 12:45:48,217] INFO Starting the log cleaner (kafka.log.LogCleaner)
[2021-04-09 12:45:48,317] INFO [kafka-log-cleaner-thread-0]: Starting (kafka.log.LogCleaner)
[2021-04-09 12:45:48,376] INFO Cleaner 0: Beginning cleaning of log connect-configs-0. (kafka.log.LogCleaner)
[2021-04-09 12:45:48,377] INFO Cleaner 0: Building offset map for connect-configs-0... (kafka.log.LogCleaner)
[2021-04-09 12:45:48,414] INFO Cleaner 0: Building offset map for log connect-configs-0 for 1 segments in offset range [0, 153). (kafka.log.LogCleaner)
[2021-04-09 12:45:48,459] INFO Cleaner 0: Offset map for log connect-configs-0 complete. (kafka.log.LogCleaner)
[2021-04-09 12:45:48,468] INFO Cleaner 0: Cleaning log connect-configs-0 (cleaning prior to Fri Apr 09 11:17:52 KST 2021, discarding tombstones prior to Thu Jan 01 09:00:00 KST 1970)... (kafka.log.LogCleaner)
[2021-04-09 12:45:48,475] INFO Cleaner 0: Cleaning LogSegment(baseOffset=0, size=37281, lastModifiedTime=1617934672953, largestRecordTimestamp=Some(1617934672952)) in log connect-configs-0 into 0 with deletion horizon 0, retaining deletes. (kafka.log.LogCleaner)
[2021-04-09 12:45:48,518] INFO Cleaner 0: Swapping in cleaned segment LogSegment(baseOffset=0, size=7926, lastModifiedTime=1617934672953, largestRecordTimestamp=Some(1617934672952)) for segment(s) List(LogSegment(baseOffset=0, size=37281, lastModifiedTime=1617934672953, largestRecordTimestamp=Some(1617934672952))) in log Log(dir=C:\tmp\kafka-logs\connect-configs-0, topic=connect-configs, partition=0, highWatermark=0, lastStableOffset=0, logStartOffset=0, logEndOffset=154) (kafka.log.LogCleaner)
[2021-04-09 12:45:48,560] INFO Cleaner 0: Beginning cleaning of log connect-configs-0. (kafka.log.LogCleaner)
[2021-04-09 12:45:48,560] INFO Cleaner 0: Building offset map for connect-configs-0... (kafka.log.LogCleaner)
[2021-04-09 12:45:48,586] INFO Cleaner 0: Building offset map for log connect-configs-0 for 1 segments in offset range [0, 153). (kafka.log.LogCleaner)
[2021-04-09 12:45:48,592] INFO Cleaner 0: Offset map for log connect-configs-0 complete. (kafka.log.LogCleaner)
[2021-04-09 12:45:48,593] INFO Cleaner 0: Cleaning log connect-configs-0 (cleaning prior to Fri Apr 09 11:17:52 KST 2021, discarding tombstones prior to Thu Jan 01 09:00:00 KST 1970)... (kafka.log.LogCleaner)
[2021-04-09 12:45:48,636] INFO Cleaner 0: Beginning cleaning of log connect-configs-0. (kafka.log.LogCleaner)
[2021-04-09 12:45:48,636] INFO Cleaner 0: Building offset map for connect-configs-0... (kafka.log.LogCleaner)
[2021-04-09 12:45:48,651] INFO Cleaner 0: Building offset map for log connect-configs-0 for 1 segments in offset range [0, 153). (kafka.log.LogCleaner)
[2021-04-09 12:45:48,659] INFO Cleaner 0: Offset map for log connect-configs-0 complete. (kafka.log.LogCleaner)
[2021-04-09 12:45:48,659] INFO Cleaner 0: Cleaning log connect-configs-0 (cleaning prior to Fri Apr 09 11:17:52 KST 2021, discarding tombstones prior to Thu Jan 01 09:00:00 KST 1970)... (kafka.log.LogCleaner)
[2021-04-09 12:45:48,677] INFO Cleaner 0: Beginning cleaning of log connect-configs-0. (kafka.log.LogCleaner)
[2021-04-09 12:45:48,677] INFO Cleaner 0: Building offset map for connect-configs-0... (kafka.log.LogCleaner)
[2021-04-09 12:45:48,693] INFO Cleaner 0: Building offset map for log connect-configs-0 for 1 segments in offset range [0, 153). (kafka.log.LogCleaner)
[2021-04-09 12:45:48,700] INFO Cleaner 0: Offset map for log connect-configs-0 complete. (kafka.log.LogCleaner)
[2021-04-09 12:45:48,701] INFO Cleaner 0: Cleaning log connect-configs-0 (cleaning prior to Fri Apr 09 11:17:52 KST 2021, discarding tombstones prior to Thu Jan 01 09:00:00 KST 1970)... (kafka.log.LogCleaner)
[2021-04-09 12:45:48,728] INFO Cleaner 0: Beginning cleaning of log connect-configs-0. (kafka.log.LogCleaner)
[2021-04-09 12:45:48,728] INFO Cleaner 0: Building offset map for connect-configs-0... (kafka.log.LogCleaner)
[2021-04-09 12:45:48,742] INFO Cleaner 0: Building offset map for log connect-configs-0 for 1 segments in offset range [0, 153). (kafka.log.LogCleaner)
[2021-04-09 12:45:48,745] INFO Cleaner 0: Offset map for log connect-configs-0 complete. (kafka.log.LogCleaner)
[2021-04-09 12:45:48,746] INFO Cleaner 0: Cleaning log connect-configs-0 (cleaning prior to Fri Apr 09 11:17:52 KST 2021, discarding tombstones prior to Thu Jan 01 09:00:00 KST 1970)... (kafka.log.LogCleaner)
[2021-04-09 12:45:48,750] INFO Cleaner 0: Cleaning LogSegment(baseOffset=0, size=37281, lastModifiedTime=1617934672953, largestRecordTimestamp=Some(1617934672952)) in log connect-configs-0 into 0 with deletion horizon 0, retaining deletes. (kafka.log.LogCleaner)
[2021-04-09 12:45:48,778] INFO Cleaner 0: Swapping in cleaned segment LogSegment(baseOffset=0, size=7926, lastModifiedTime=1617934672953, largestRecordTimestamp=Some(1617934672952)) for segment(s) List(LogSegment(baseOffset=0, size=37281, lastModifiedTime=1617934672953, largestRecordTimestamp=Some(1617934672952))) in log Log(dir=C:\tmp\kafka-logs\connect-configs-0, topic=connect-configs, partition=0, highWatermark=0, lastStableOffset=0, logStartOffset=0, logEndOffset=154) (kafka.log.LogCleaner)
[2021-04-09 12:45:48,805] INFO Cleaner 0: Beginning cleaning of log connect-configs-0. (kafka.log.LogCleaner)
[2021-04-09 12:45:48,805] INFO Cleaner 0: Building offset map for connect-configs-0... (kafka.log.LogCleaner)
[2021-04-09 12:45:48,822] INFO Cleaner 0: Building offset map for log connect-configs-0 for 1 segments in offset range [0, 153). (kafka.log.LogCleaner)
[2021-04-09 12:45:48,823] INFO Cleaner 0: Offset map for log connect-configs-0 complete. (kafka.log.LogCleaner)
[2021-04-09 12:45:48,824] INFO Cleaner 0: Cleaning log connect-configs-0 (cleaning prior to Fri Apr 09 11:17:52 KST 2021, discarding tombstones prior to Thu Jan 01 09:00:00 KST 1970)... (kafka.log.LogCleaner)
[2021-04-09 12:45:48,842] INFO Cleaner 0: Beginning cleaning of log connect-configs-0. (kafka.log.LogCleaner)
[2021-04-09 12:45:48,842] INFO Cleaner 0: Building offset map for connect-configs-0... (kafka.log.LogCleaner)
[2021-04-09 12:45:48,860] INFO Cleaner 0: Building offset map for log connect-configs-0 for 1 segments in offset range [0, 153). (kafka.log.LogCleaner)
[2021-04-09 12:45:48,862] INFO Cleaner 0: Offset map for log connect-configs-0 complete. (kafka.log.LogCleaner)
[2021-04-09 12:45:48,863] INFO Cleaner 0: Cleaning log connect-configs-0 (cleaning prior to Fri Apr 09 11:17:52 KST 2021, discarding tombstones prior to Thu Jan 01 09:00:00 KST 1970)... (kafka.log.LogCleaner)
[2021-04-09 12:45:48,879] INFO Cleaner 0: Beginning cleaning of log connect-configs-0. (kafka.log.LogCleaner)
[2021-04-09 12:45:48,880] INFO Cleaner 0: Building offset map for connect-configs-0... (kafka.log.LogCleaner)
[2021-04-09 12:45:48,898] INFO Cleaner 0: Building offset map for log connect-configs-0 for 1 segments in offset range [0, 153). (kafka.log.LogCleaner)
[2021-04-09 12:45:48,900] INFO Cleaner 0: Offset map for log connect-configs-0 complete. (kafka.log.LogCleaner)
[2021-04-09 12:45:48,900] INFO Cleaner 0: Cleaning log connect-configs-0 (cleaning prior to Fri Apr 09 11:17:52 KST 2021, discarding tombstones prior to Thu Jan 01 09:00:00 KST 1970)... (kafka.log.LogCleaner)
[2021-04-09 12:45:48,918] INFO Cleaner 0: Beginning cleaning of log connect-configs-0. (kafka.log.LogCleaner)
[2021-04-09 12:45:48,918] INFO Cleaner 0: Building offset map for connect-configs-0... (kafka.log.LogCleaner)
[2021-04-09 12:45:48,935] INFO Cleaner 0: Building offset map for log connect-configs-0 for 1 segments in offset range [0, 153). (kafka.log.LogCleaner)
[2021-04-09 12:45:48,937] INFO Cleaner 0: Offset map for log connect-configs-0 complete. (kafka.log.LogCleaner)
[2021-04-09 12:45:48,937] INFO Cleaner 0: Cleaning log connect-configs-0 (cleaning prior to Fri Apr 09 11:17:52 KST 2021, discarding tombstones prior to Thu Jan 01 09:00:00 KST 1970)... (kafka.log.LogCleaner)
[2021-04-09 12:45:48,972] INFO Cleaner 0: Beginning cleaning of log connect-configs-0. (kafka.log.LogCleaner)
[2021-04-09 12:45:48,973] INFO Cleaner 0: Building offset map for connect-configs-0... (kafka.log.LogCleaner)
[2021-04-09 12:45:48,989] INFO Cleaner 0: Building offset map for log connect-configs-0 for 1 segments in offset range [0, 153). (kafka.log.LogCleaner)
[2021-04-09 12:45:48,991] INFO Cleaner 0: Offset map for log connect-configs-0 complete. (kafka.log.LogCleaner)
[2021-04-09 12:45:48,991] INFO Cleaner 0: Cleaning log connect-configs-0 (cleaning prior to Fri Apr 09 11:17:52 KST 2021, discarding tombstones prior to Thu Jan 01 09:00:00 KST 1970)... (kafka.log.LogCleaner)
[2021-04-09 12:45:49,022] INFO Cleaner 0: Beginning cleaning of log connect-configs-0. (kafka.log.LogCleaner)
[2021-04-09 12:45:49,022] INFO Cleaner 0: Building offset map for connect-configs-0... (kafka.log.LogCleaner)
[2021-04-09 12:45:49,041] INFO Cleaner 0: Building offset map for log connect-configs-0 for 1 segments in offset range [0, 153). (kafka.log.LogCleaner)
[2021-04-09 12:45:49,043] INFO Cleaner 0: Offset map for log connect-configs-0 complete. (kafka.log.LogCleaner)
[2021-04-09 12:45:49,043] INFO Cleaner 0: Cleaning log connect-configs-0 (cleaning prior to Fri Apr 09 11:17:52 KST 2021, discarding tombstones prior to Thu Jan 01 09:00:00 KST 1970)... (kafka.log.LogCleaner)
[2021-04-09 12:45:49,064] INFO Cleaner 0: Beginning cleaning of log connect-configs-0. (kafka.log.LogCleaner)
[2021-04-09 12:45:49,064] INFO Cleaner 0: Building offset map for connect-configs-0... (kafka.log.LogCleaner)
[2021-04-09 12:45:49,086] INFO Cleaner 0: Building offset map for log connect-configs-0 for 1 segments in offset range [0, 153). (kafka.log.LogCleaner)
[2021-04-09 12:45:49,087] INFO Cleaner 0: Offset map for log connect-configs-0 complete. (kafka.log.LogCleaner)
[2021-04-09 12:45:49,088] INFO Cleaner 0: Cleaning log connect-configs-0 (cleaning prior to Fri Apr 09 11:17:52 KST 2021, discarding tombstones prior to Thu Jan 01 09:00:00 KST 1970)... (kafka.log.LogCleaner)
[2021-04-09 12:45:49,144] INFO Cleaner 0: Beginning cleaning of log connect-configs-0. (kafka.log.LogCleaner)
[2021-04-09 12:45:49,145] INFO Cleaner 0: Building offset map for connect-configs-0... (kafka.log.LogCleaner)
[2021-04-09 12:45:49,162] INFO Cleaner 0: Building offset map for log connect-configs-0 for 1 segments in offset range [0, 153). (kafka.log.LogCleaner)
[2021-04-09 12:45:49,163] INFO Cleaner 0: Offset map for log connect-configs-0 complete. (kafka.log.LogCleaner)
[2021-04-09 12:45:49,164] INFO Cleaner 0: Cleaning log connect-configs-0 (cleaning prior to Fri Apr 09 11:17:52 KST 2021, discarding tombstones prior to Thu Jan 01 09:00:00 KST 1970)... (kafka.log.LogCleaner)
[2021-04-09 12:45:49,222] INFO Cleaner 0: Beginning cleaning of log connect-configs-0. (kafka.log.LogCleaner)
[2021-04-09 12:45:49,223] INFO Cleaner 0: Building offset map for connect-configs-0... (kafka.log.LogCleaner)
[2021-04-09 12:45:49,243] INFO Cleaner 0: Building offset map for log connect-configs-0 for 1 segments in offset range [0, 153). (kafka.log.LogCleaner)
[2021-04-09 12:45:49,245] INFO Cleaner 0: Offset map for log connect-configs-0 complete. (kafka.log.LogCleaner)
[2021-04-09 12:45:49,246] INFO Cleaner 0: Cleaning log connect-configs-0 (cleaning prior to Fri Apr 09 11:17:52 KST 2021, discarding tombstones prior to Thu Jan 01 09:00:00 KST 1970)... (kafka.log.LogCleaner)
[2021-04-09 12:45:49,267] INFO Cleaner 0: Beginning cleaning of log connect-configs-0. (kafka.log.LogCleaner)
[2021-04-09 12:45:49,267] INFO Cleaner 0: Building offset map for connect-configs-0... (kafka.log.LogCleaner)
[2021-04-09 12:45:49,283] INFO Cleaner 0: Building offset map for log connect-configs-0 for 1 segments in offset range [0, 153). (kafka.log.LogCleaner)
[2021-04-09 12:45:49,284] INFO Cleaner 0: Offset map for log connect-configs-0 complete. (kafka.log.LogCleaner)
[2021-04-09 12:45:49,285] INFO Cleaner 0: Cleaning log connect-configs-0 (cleaning prior to Fri Apr 09 11:17:52 KST 2021, discarding tombstones prior to Thu Jan 01 09:00:00 KST 1970)... (kafka.log.LogCleaner)
[2021-04-09 12:45:49,313] INFO Cleaner 0: Beginning cleaning of log connect-configs-0. (kafka.log.LogCleaner)
[2021-04-09 12:45:49,314] INFO Cleaner 0: Building offset map for connect-configs-0... (kafka.log.LogCleaner)
[2021-04-09 12:45:49,336] INFO Cleaner 0: Building offset map for log connect-configs-0 for 1 segments in offset range [0, 153). (kafka.log.LogCleaner)
[2021-04-09 12:45:49,337] INFO Cleaner 0: Offset map for log connect-configs-0 complete. (kafka.log.LogCleaner)
[2021-04-09 12:45:49,338] INFO Cleaner 0: Cleaning log connect-configs-0 (cleaning prior to Fri Apr 09 11:17:52 KST 2021, discarding tombstones prior to Thu Jan 01 09:00:00 KST 1970)... (kafka.log.LogCleaner)
[2021-04-09 12:45:49,395] INFO Cleaner 0: Beginning cleaning of log connect-configs-0. (kafka.log.LogCleaner)
[2021-04-09 12:45:49,395] INFO Cleaner 0: Building offset map for connect-configs-0... (kafka.log.LogCleaner)
[2021-04-09 12:45:49,416] INFO Cleaner 0: Building offset map for log connect-configs-0 for 1 segments in offset range [0, 153). (kafka.log.LogCleaner)
[2021-04-09 12:45:49,420] INFO Cleaner 0: Offset map for log connect-configs-0 complete. (kafka.log.LogCleaner)
[2021-04-09 12:45:49,422] INFO Cleaner 0: Cleaning log connect-configs-0 (cleaning prior to Fri Apr 09 11:17:52 KST 2021, discarding tombstones prior to Thu Jan 01 09:00:00 KST 1970)... (kafka.log.LogCleaner)
[2021-04-09 12:49:44,367] INFO Starting the log cleaner (kafka.log.LogCleaner)
[2021-04-09 12:49:44,475] INFO [kafka-log-cleaner-thread-0]: Starting (kafka.log.LogCleaner)
[2021-04-21 22:26:40,878] INFO Starting the log cleaner (kafka.log.LogCleaner)
[2021-04-21 22:26:41,015] INFO [kafka-log-cleaner-thread-0]: Starting (kafka.log.LogCleaner)
[2021-04-21 22:26:42,698] INFO Shutting down the log cleaner. (kafka.log.LogCleaner)
[2021-04-21 22:26:42,699] INFO [kafka-log-cleaner-thread-0]: Shutting down (kafka.log.LogCleaner)
[2021-04-21 22:26:42,699] INFO [kafka-log-cleaner-thread-0]: Stopped (kafka.log.LogCleaner)
[2021-04-21 22:26:42,699] INFO [kafka-log-cleaner-thread-0]: Shutdown completed (kafka.log.LogCleaner)
[2021-04-21 22:28:24,647] INFO Starting the log cleaner (kafka.log.LogCleaner)
[2021-04-21 22:28:24,772] INFO [kafka-log-cleaner-thread-0]: Starting (kafka.log.LogCleaner)
[2021-04-22 00:12:15,175] INFO Starting the log cleaner (kafka.log.LogCleaner)
[2021-04-22 00:12:15,288] INFO [kafka-log-cleaner-thread-0]: Starting (kafka.log.LogCleaner)
[2021-04-22 09:16:26,431] INFO Shutting down the log cleaner. (kafka.log.LogCleaner)
[2021-04-22 09:16:26,436] INFO [kafka-log-cleaner-thread-0]: Shutting down (kafka.log.LogCleaner)
[2021-04-22 09:16:26,439] INFO [kafka-log-cleaner-thread-0]: Stopped (kafka.log.LogCleaner)
[2021-04-22 09:16:26,439] INFO [kafka-log-cleaner-thread-0]: Shutdown completed (kafka.log.LogCleaner)
[2021-04-22 09:17:23,355] INFO Starting the log cleaner (kafka.log.LogCleaner)
[2021-04-22 09:17:23,464] INFO [kafka-log-cleaner-thread-0]: Starting (kafka.log.LogCleaner)
[2021-04-22 10:09:53,219] INFO Shutting down the log cleaner. (kafka.log.LogCleaner)
[2021-04-22 10:09:53,225] INFO [kafka-log-cleaner-thread-0]: Shutting down (kafka.log.LogCleaner)
[2021-04-22 10:09:53,226] INFO [kafka-log-cleaner-thread-0]: Stopped (kafka.log.LogCleaner)
[2021-04-22 10:09:53,226] INFO [kafka-log-cleaner-thread-0]: Shutdown completed (kafka.log.LogCleaner)
[2021-04-22 10:10:26,827] INFO Starting the log cleaner (kafka.log.LogCleaner)
[2021-04-22 10:10:26,968] INFO [kafka-log-cleaner-thread-0]: Starting (kafka.log.LogCleaner)
[2021-04-22 11:09:47,953] INFO Starting the log cleaner (kafka.log.LogCleaner)
[2021-04-22 11:09:48,069] INFO [kafka-log-cleaner-thread-0]: Starting (kafka.log.LogCleaner)
[2021-04-22 11:09:54,085] INFO Shutting down the log cleaner. (kafka.log.LogCleaner)
[2021-04-22 11:09:54,086] INFO [kafka-log-cleaner-thread-0]: Shutting down (kafka.log.LogCleaner)
[2021-04-22 11:09:54,086] INFO [kafka-log-cleaner-thread-0]: Stopped (kafka.log.LogCleaner)
[2021-04-22 11:09:54,086] INFO [kafka-log-cleaner-thread-0]: Shutdown completed (kafka.log.LogCleaner)
[2021-04-22 11:11:05,519] INFO Starting the log cleaner (kafka.log.LogCleaner)
[2021-04-22 11:11:05,647] INFO [kafka-log-cleaner-thread-0]: Starting (kafka.log.LogCleaner)
[2021-04-22 14:07:14,276] INFO Starting the log cleaner (kafka.log.LogCleaner)
[2021-04-22 14:07:14,467] INFO [kafka-log-cleaner-thread-0]: Starting (kafka.log.LogCleaner)
[2021-04-22 15:34:57,517] INFO Shutting down the log cleaner. (kafka.log.LogCleaner)
[2021-04-22 15:34:57,520] INFO [kafka-log-cleaner-thread-0]: Shutting down (kafka.log.LogCleaner)
[2021-04-22 15:34:57,521] INFO [kafka-log-cleaner-thread-0]: Stopped (kafka.log.LogCleaner)
[2021-04-22 15:34:57,521] INFO [kafka-log-cleaner-thread-0]: Shutdown completed (kafka.log.LogCleaner)
[2021-04-22 15:36:14,237] INFO Starting the log cleaner (kafka.log.LogCleaner)
[2021-04-22 15:36:14,371] INFO [kafka-log-cleaner-thread-0]: Starting (kafka.log.LogCleaner)
[2021-04-22 20:23:03,850] INFO Shutting down the log cleaner. (kafka.log.LogCleaner)
[2021-04-22 20:23:03,853] INFO [kafka-log-cleaner-thread-0]: Shutting down (kafka.log.LogCleaner)
[2021-04-22 20:23:03,855] INFO [kafka-log-cleaner-thread-0]: Stopped (kafka.log.LogCleaner)
[2021-04-22 20:23:03,855] INFO [kafka-log-cleaner-thread-0]: Shutdown completed (kafka.log.LogCleaner)
[2021-04-26 18:10:31,822] INFO Starting the log cleaner (kafka.log.LogCleaner)
[2021-04-26 18:10:31,958] INFO [kafka-log-cleaner-thread-0]: Starting (kafka.log.LogCleaner)
[2021-04-26 18:49:47,209] INFO Starting the log cleaner (kafka.log.LogCleaner)
[2021-04-26 18:49:47,316] INFO [kafka-log-cleaner-thread-0]: Starting (kafka.log.LogCleaner)
[2021-04-26 21:16:15,437] INFO Shutting down the log cleaner. (kafka.log.LogCleaner)
[2021-04-26 21:16:15,440] INFO [kafka-log-cleaner-thread-0]: Shutting down (kafka.log.LogCleaner)
[2021-04-26 21:16:15,441] INFO [kafka-log-cleaner-thread-0]: Stopped (kafka.log.LogCleaner)
[2021-04-26 21:16:15,441] INFO [kafka-log-cleaner-thread-0]: Shutdown completed (kafka.log.LogCleaner)
[2021-04-26 21:16:52,343] INFO Starting the log cleaner (kafka.log.LogCleaner)
[2021-04-26 21:16:52,466] INFO [kafka-log-cleaner-thread-0]: Starting (kafka.log.LogCleaner)
[2021-04-26 21:43:24,899] INFO Shutting down the log cleaner. (kafka.log.LogCleaner)
[2021-04-26 21:43:24,900] INFO [kafka-log-cleaner-thread-0]: Shutting down (kafka.log.LogCleaner)
[2021-04-26 21:43:24,900] INFO [kafka-log-cleaner-thread-0]: Stopped (kafka.log.LogCleaner)
[2021-04-26 21:43:24,900] INFO [kafka-log-cleaner-thread-0]: Shutdown completed (kafka.log.LogCleaner)
[2021-04-26 21:44:41,625] INFO Starting the log cleaner (kafka.log.LogCleaner)
[2021-04-26 21:44:41,726] INFO [kafka-log-cleaner-thread-0]: Starting (kafka.log.LogCleaner)
[2021-04-26 21:48:24,365] INFO Shutting down the log cleaner. (kafka.log.LogCleaner)
[2021-04-26 21:48:24,365] INFO [kafka-log-cleaner-thread-0]: Shutting down (kafka.log.LogCleaner)
[2021-04-26 21:48:24,366] INFO [kafka-log-cleaner-thread-0]: Stopped (kafka.log.LogCleaner)
[2021-04-26 21:48:24,366] INFO [kafka-log-cleaner-thread-0]: Shutdown completed (kafka.log.LogCleaner)
[2021-04-26 21:48:53,561] INFO Starting the log cleaner (kafka.log.LogCleaner)
[2021-04-26 21:48:53,691] INFO [kafka-log-cleaner-thread-0]: Starting (kafka.log.LogCleaner)
[2021-04-27 03:02:13,131] INFO Shutting down the log cleaner. (kafka.log.LogCleaner)
[2021-04-27 03:02:13,136] INFO [kafka-log-cleaner-thread-0]: Shutting down (kafka.log.LogCleaner)
[2021-04-27 03:02:13,141] INFO [kafka-log-cleaner-thread-0]: Stopped (kafka.log.LogCleaner)
[2021-04-27 03:02:13,141] INFO [kafka-log-cleaner-thread-0]: Shutdown completed (kafka.log.LogCleaner)
[2021-04-27 03:02:46,388] INFO Starting the log cleaner (kafka.log.LogCleaner)
[2021-04-27 03:02:46,509] INFO [kafka-log-cleaner-thread-0]: Starting (kafka.log.LogCleaner)
[2021-04-27 03:45:09,444] INFO Shutting down the log cleaner. (kafka.log.LogCleaner)
[2021-04-27 03:45:09,445] INFO [kafka-log-cleaner-thread-0]: Shutting down (kafka.log.LogCleaner)
[2021-04-27 03:45:09,446] INFO [kafka-log-cleaner-thread-0]: Stopped (kafka.log.LogCleaner)
[2021-04-27 03:45:09,446] INFO [kafka-log-cleaner-thread-0]: Shutdown completed (kafka.log.LogCleaner)
[2021-04-27 03:45:47,777] INFO Starting the log cleaner (kafka.log.LogCleaner)
[2021-04-27 03:45:47,940] INFO [kafka-log-cleaner-thread-0]: Starting (kafka.log.LogCleaner)
[2021-04-27 04:28:44,915] INFO Shutting down the log cleaner. (kafka.log.LogCleaner)
[2021-04-27 04:28:44,918] INFO [kafka-log-cleaner-thread-0]: Shutting down (kafka.log.LogCleaner)
[2021-04-27 04:28:44,919] INFO [kafka-log-cleaner-thread-0]: Stopped (kafka.log.LogCleaner)
[2021-04-27 04:28:44,919] INFO [kafka-log-cleaner-thread-0]: Shutdown completed (kafka.log.LogCleaner)
[2021-04-27 04:29:54,314] INFO Starting the log cleaner (kafka.log.LogCleaner)
[2021-04-27 04:29:54,471] INFO [kafka-log-cleaner-thread-0]: Starting (kafka.log.LogCleaner)
[2021-04-27 04:38:23,821] INFO Shutting down the log cleaner. (kafka.log.LogCleaner)
[2021-04-27 04:38:23,821] INFO [kafka-log-cleaner-thread-0]: Shutting down (kafka.log.LogCleaner)
[2021-04-27 04:38:23,823] INFO [kafka-log-cleaner-thread-0]: Stopped (kafka.log.LogCleaner)
[2021-04-27 04:38:23,823] INFO [kafka-log-cleaner-thread-0]: Shutdown completed (kafka.log.LogCleaner)
[2021-04-27 04:38:55,167] INFO Starting the log cleaner (kafka.log.LogCleaner)
[2021-04-27 04:38:55,308] INFO [kafka-log-cleaner-thread-0]: Starting (kafka.log.LogCleaner)
[2021-04-27 04:43:28,255] INFO Shutting down the log cleaner. (kafka.log.LogCleaner)
[2021-04-27 04:43:28,255] INFO [kafka-log-cleaner-thread-0]: Shutting down (kafka.log.LogCleaner)
[2021-04-27 04:43:28,256] INFO [kafka-log-cleaner-thread-0]: Stopped (kafka.log.LogCleaner)
[2021-04-27 04:43:28,256] INFO [kafka-log-cleaner-thread-0]: Shutdown completed (kafka.log.LogCleaner)
[2021-04-27 04:44:01,991] INFO Starting the log cleaner (kafka.log.LogCleaner)
[2021-04-27 04:44:02,131] INFO [kafka-log-cleaner-thread-0]: Starting (kafka.log.LogCleaner)
[2021-04-27 04:50:08,099] INFO Shutting down the log cleaner. (kafka.log.LogCleaner)
[2021-04-27 04:50:08,100] INFO [kafka-log-cleaner-thread-0]: Shutting down (kafka.log.LogCleaner)
[2021-04-27 04:50:08,101] INFO [kafka-log-cleaner-thread-0]: Stopped (kafka.log.LogCleaner)
[2021-04-27 04:50:08,101] INFO [kafka-log-cleaner-thread-0]: Shutdown completed (kafka.log.LogCleaner)
[2021-04-27 04:51:01,072] INFO Starting the log cleaner (kafka.log.LogCleaner)
[2021-04-27 04:51:01,306] INFO [kafka-log-cleaner-thread-0]: Starting (kafka.log.LogCleaner)
[2021-04-27 05:01:22,979] INFO Starting the log cleaner (kafka.log.LogCleaner)
[2021-04-27 05:01:23,179] INFO [kafka-log-cleaner-thread-0]: Starting (kafka.log.LogCleaner)
[2021-04-27 05:14:55,939] INFO Starting the log cleaner (kafka.log.LogCleaner)
[2021-04-27 05:14:56,057] INFO [kafka-log-cleaner-thread-0]: Starting (kafka.log.LogCleaner)
[2021-04-27 05:15:29,629] INFO Starting the log cleaner (kafka.log.LogCleaner)
[2021-04-27 05:15:29,835] INFO [kafka-log-cleaner-thread-0]: Starting (kafka.log.LogCleaner)
[2021-04-27 05:23:54,213] INFO Starting the log cleaner (kafka.log.LogCleaner)
[2021-04-27 05:23:54,331] INFO [kafka-log-cleaner-thread-0]: Starting (kafka.log.LogCleaner)
[2021-04-27 05:25:37,228] INFO Shutting down the log cleaner. (kafka.log.LogCleaner)
[2021-04-27 05:25:37,229] INFO [kafka-log-cleaner-thread-0]: Shutting down (kafka.log.LogCleaner)
[2021-04-27 05:25:37,230] INFO [kafka-log-cleaner-thread-0]: Stopped (kafka.log.LogCleaner)
[2021-04-27 05:25:37,230] INFO [kafka-log-cleaner-thread-0]: Shutdown completed (kafka.log.LogCleaner)
[2021-04-27 05:26:12,796] INFO Starting the log cleaner (kafka.log.LogCleaner)
[2021-04-27 05:26:12,936] INFO [kafka-log-cleaner-thread-0]: Starting (kafka.log.LogCleaner)
[2021-04-27 05:34:00,558] INFO Shutting down the log cleaner. (kafka.log.LogCleaner)
[2021-04-27 05:34:00,559] INFO [kafka-log-cleaner-thread-0]: Shutting down (kafka.log.LogCleaner)
[2021-04-27 05:34:00,560] INFO [kafka-log-cleaner-thread-0]: Stopped (kafka.log.LogCleaner)
[2021-04-27 05:34:00,561] INFO [kafka-log-cleaner-thread-0]: Shutdown completed (kafka.log.LogCleaner)
[2021-04-27 05:34:46,517] INFO Starting the log cleaner (kafka.log.LogCleaner)
[2021-04-27 05:34:46,631] INFO [kafka-log-cleaner-thread-0]: Starting (kafka.log.LogCleaner)
